[    2882ms] [ERROR] Loading the script 'https://www.gstatic.com/cv/js/sender/v1/cast_sender.js?loadCastFramework=1' violates the following Content Security Policy directive: "script-src 'self' 'unsafe-inline' 'unsafe-eval' 'wasm-unsafe-eval' https://*.maze.co https://cdn-cookieyes.com https://cdn.amplitude.com https://cdn.segment.com https://www.google-analytics.com https://*.googletagmanager.com https://pagead2.googlesyndication.com https://googleads.g.doubleclick.net https://www.googleadservices.com https://connect.facebook.net https://*.clickagy.com https://*.cdnjs.network https://bat.bing.com https://static.ads-twitter.com https://snap.licdn.com https://*.twitter.com https://*.zoominfo.com https://js.zi-scripts.com https://extend.vimeocdn.com https://player.vimeo.com https://*.chilipiper.com https://mazedesign.widget.insent.ai https://*.cloudfront.net *.hs-scripts.com *.hsadspixel.net *.hs-analytics.net js.hscta.net *.hubspot.com *.hubspot.net static.hsappstatic.net *.usemessages.com *.hs-banner.com *.hscollectedforms.net *.hsleadflows.net *.hsforms.net *.hsforms.com *.hubspotfeedback.com feedback.hubapi.com https://www.google.com/recaptcha/ https://www.gstatic.com/recaptcha/ https://code.tidio.co https://widget-v4.tidiochat.com https://app.spara.co https://*.arcade.software https://*.apollo.io https://netlify-cdp-loader.netlify.app blob:". Note that 'script-src-elem' was not explicitly set, so 'script-src' is used as a fallback. The action has been blocked. @ https://maze.co/app-7aee548fec54d1fc0729.js:64
[    3714ms] [WARNING] Media Chrome: No style sheet found on style tag of JSHandle@node @ https://maze.co/1979b77c-5103714a0abade3251ae.js:0
[    3750ms] [WARNING] Media Chrome: No style sheet found on style tag of JSHandle@node @ https://maze.co/1979b77c-5103714a0abade3251ae.js:0
[    3770ms] [WARNING] Media Chrome: No style sheet found on style tag of JSHandle@node @ https://maze.co/1979b77c-5103714a0abade3251ae.js:0
[    3798ms] [WARNING] Media Chrome: No style sheet found on style tag of JSHandle@node @ https://maze.co/1979b77c-5103714a0abade3251ae.js:0
[    3872ms] Error: Minified React error #421; visit https://reactjs.org/docs/error-decoder.html?invariant=421 for the full message or use the non-minified dev environment for full errors and additional helpful warnings.
    at https://maze.co/framework-131f9faa2dbc029e3c01.js:2:91501
    at Uu (https://maze.co/framework-131f9faa2dbc029e3c01.js:2:91775)
    at Ei (https://maze.co/framework-131f9faa2dbc029e3c01.js:2:133029)
    at ks (https://maze.co/framework-131f9faa2dbc029e3c01.js:2:120396)
    at ys (https://maze.co/framework-131f9faa2dbc029e3c01.js:2:120324)
    at gs (https://maze.co/framework-131f9faa2dbc029e3c01.js:2:120187)
    at ss (https://maze.co/framework-131f9faa2dbc029e3c01.js:2:117349)
    at jl (https://maze.co/framework-131f9faa2dbc029e3c01.js:2:58501)
    at https://maze.co/framework-131f9faa2dbc029e3c01.js:2:123734
    at Ss (https://maze.co/framework-131f9faa2dbc029e3c01.js:2:123739)
[    3872ms] Error: Minified React error #421; visit https://reactjs.org/docs/error-decoder.html?invariant=421 for the full message or use the non-minified dev environment for full errors and additional helpful warnings.
    at https://maze.co/framework-131f9faa2dbc029e3c01.js:2:91501
    at Uu (https://maze.co/framework-131f9faa2dbc029e3c01.js:2:91775)
    at Ei (https://maze.co/framework-131f9faa2dbc029e3c01.js:2:133029)
    at ks (https://maze.co/framework-131f9faa2dbc029e3c01.js:2:120396)
    at ys (https://maze.co/framework-131f9faa2dbc029e3c01.js:2:120324)
    at gs (https://maze.co/framework-131f9faa2dbc029e3c01.js:2:120187)
    at ss (https://maze.co/framework-131f9faa2dbc029e3c01.js:2:117349)
    at jl (https://maze.co/framework-131f9faa2dbc029e3c01.js:2:58501)
    at https://maze.co/framework-131f9faa2dbc029e3c01.js:2:123734
    at Ss (https://maze.co/framework-131f9faa2dbc029e3c01.js:2:123739)
[    3873ms] Error: Minified React error #421; visit https://reactjs.org/docs/error-decoder.html?invariant=421 for the full message or use the non-minified dev environment for full errors and additional helpful warnings.
    at https://maze.co/framework-131f9faa2dbc029e3c01.js:2:91501
    at Uu (https://maze.co/framework-131f9faa2dbc029e3c01.js:2:91775)
    at Ei (https://maze.co/framework-131f9faa2dbc029e3c01.js:2:133029)
    at ks (https://maze.co/framework-131f9faa2dbc029e3c01.js:2:120396)
    at ys (https://maze.co/framework-131f9faa2dbc029e3c01.js:2:120324)
    at gs (https://maze.co/framework-131f9faa2dbc029e3c01.js:2:120187)
    at ss (https://maze.co/framework-131f9faa2dbc029e3c01.js:2:117349)
    at jl (https://maze.co/framework-131f9faa2dbc029e3c01.js:2:58501)
    at https://maze.co/framework-131f9faa2dbc029e3c01.js:2:123734
    at Ss (https://maze.co/framework-131f9faa2dbc029e3c01.js:2:123739)
[    3873ms] Error: Minified React error #421; visit https://reactjs.org/docs/error-decoder.html?invariant=421 for the full message or use the non-minified dev environment for full errors and additional helpful warnings.
    at https://maze.co/framework-131f9faa2dbc029e3c01.js:2:91501
    at Uu (https://maze.co/framework-131f9faa2dbc029e3c01.js:2:91775)
    at Ei (https://maze.co/framework-131f9faa2dbc029e3c01.js:2:133029)
    at ks (https://maze.co/framework-131f9faa2dbc029e3c01.js:2:120396)
    at ys (https://maze.co/framework-131f9faa2dbc029e3c01.js:2:120324)
    at gs (https://maze.co/framework-131f9faa2dbc029e3c01.js:2:120187)
    at ss (https://maze.co/framework-131f9faa2dbc029e3c01.js:2:117349)
    at jl (https://maze.co/framework-131f9faa2dbc029e3c01.js:2:58501)
    at https://maze.co/framework-131f9faa2dbc029e3c01.js:2:123734
    at Ss (https://maze.co/framework-131f9faa2dbc029e3c01.js:2:123739)
[    3873ms] Error: Minified React error #421; visit https://reactjs.org/docs/error-decoder.html?invariant=421 for the full message or use the non-minified dev environment for full errors and additional helpful warnings.
    at https://maze.co/framework-131f9faa2dbc029e3c01.js:2:91501
    at Uu (https://maze.co/framework-131f9faa2dbc029e3c01.js:2:91775)
    at Ei (https://maze.co/framework-131f9faa2dbc029e3c01.js:2:133029)
    at ks (https://maze.co/framework-131f9faa2dbc029e3c01.js:2:120396)
    at ys (https://maze.co/framework-131f9faa2dbc029e3c01.js:2:120324)
    at gs (https://maze.co/framework-131f9faa2dbc029e3c01.js:2:120187)
    at ss (https://maze.co/framework-131f9faa2dbc029e3c01.js:2:117349)
    at jl (https://maze.co/framework-131f9faa2dbc029e3c01.js:2:58501)
    at https://maze.co/framework-131f9faa2dbc029e3c01.js:2:123734
    at Ss (https://maze.co/framework-131f9faa2dbc029e3c01.js:2:123739)
[    4483ms] Error: Minified React error #421; visit https://reactjs.org/docs/error-decoder.html?invariant=421 for the full message or use the non-minified dev environment for full errors and additional helpful warnings.
    at https://maze.co/framework-131f9faa2dbc029e3c01.js:2:91501
    at Uu (https://maze.co/framework-131f9faa2dbc029e3c01.js:2:91775)
    at Ei (https://maze.co/framework-131f9faa2dbc029e3c01.js:2:133029)
    at ks (https://maze.co/framework-131f9faa2dbc029e3c01.js:2:120396)
    at ys (https://maze.co/framework-131f9faa2dbc029e3c01.js:2:120324)
    at gs (https://maze.co/framework-131f9faa2dbc029e3c01.js:2:120187)
    at ss (https://maze.co/framework-131f9faa2dbc029e3c01.js:2:117349)
    at jl (https://maze.co/framework-131f9faa2dbc029e3c01.js:2:58501)
    at https://maze.co/framework-131f9faa2dbc029e3c01.js:2:114977
[    4484ms] Error: Minified React error #421; visit https://reactjs.org/docs/error-decoder.html?invariant=421 for the full message or use the non-minified dev environment for full errors and additional helpful warnings.
    at https://maze.co/framework-131f9faa2dbc029e3c01.js:2:91501
    at Uu (https://maze.co/framework-131f9faa2dbc029e3c01.js:2:91775)
    at Ei (https://maze.co/framework-131f9faa2dbc029e3c01.js:2:133029)
    at ks (https://maze.co/framework-131f9faa2dbc029e3c01.js:2:120396)
    at ys (https://maze.co/framework-131f9faa2dbc029e3c01.js:2:120324)
    at gs (https://maze.co/framework-131f9faa2dbc029e3c01.js:2:120187)
    at ss (https://maze.co/framework-131f9faa2dbc029e3c01.js:2:117349)
    at jl (https://maze.co/framework-131f9faa2dbc029e3c01.js:2:58501)
    at https://maze.co/framework-131f9faa2dbc029e3c01.js:2:114977
[    4993ms] Error: Minified React error #421; visit https://reactjs.org/docs/error-decoder.html?invariant=421 for the full message or use the non-minified dev environment for full errors and additional helpful warnings.
    at https://maze.co/framework-131f9faa2dbc029e3c01.js:2:91501
    at Uu (https://maze.co/framework-131f9faa2dbc029e3c01.js:2:91775)
    at Ei (https://maze.co/framework-131f9faa2dbc029e3c01.js:2:133029)
    at ks (https://maze.co/framework-131f9faa2dbc029e3c01.js:2:120396)
    at ys (https://maze.co/framework-131f9faa2dbc029e3c01.js:2:120324)
    at gs (https://maze.co/framework-131f9faa2dbc029e3c01.js:2:120187)
    at ss (https://maze.co/framework-131f9faa2dbc029e3c01.js:2:117349)
    at jl (https://maze.co/framework-131f9faa2dbc029e3c01.js:2:58501)
    at https://maze.co/framework-131f9faa2dbc029e3c01.js:2:114977
[    4995ms] Error: Minified React error #421; visit https://reactjs.org/docs/error-decoder.html?invariant=421 for the full message or use the non-minified dev environment for full errors and additional helpful warnings.
    at https://maze.co/framework-131f9faa2dbc029e3c01.js:2:91501
    at Uu (https://maze.co/framework-131f9faa2dbc029e3c01.js:2:91775)
    at Ei (https://maze.co/framework-131f9faa2dbc029e3c01.js:2:133029)
    at ks (https://maze.co/framework-131f9faa2dbc029e3c01.js:2:120396)
    at ys (https://maze.co/framework-131f9faa2dbc029e3c01.js:2:120324)
    at gs (https://maze.co/framework-131f9faa2dbc029e3c01.js:2:120187)
    at ss (https://maze.co/framework-131f9faa2dbc029e3c01.js:2:117349)
    at jl (https://maze.co/framework-131f9faa2dbc029e3c01.js:2:58501)
    at https://maze.co/framework-131f9faa2dbc029e3c01.js:2:114977
[    4995ms] Error: Minified React error #421; visit https://reactjs.org/docs/error-decoder.html?invariant=421 for the full message or use the non-minified dev environment for full errors and additional helpful warnings.
    at https://maze.co/framework-131f9faa2dbc029e3c01.js:2:91501
    at Uu (https://maze.co/framework-131f9faa2dbc029e3c01.js:2:91775)
    at Ei (https://maze.co/framework-131f9faa2dbc029e3c01.js:2:133029)
    at ks (https://maze.co/framework-131f9faa2dbc029e3c01.js:2:120396)
    at ys (https://maze.co/framework-131f9faa2dbc029e3c01.js:2:120324)
    at gs (https://maze.co/framework-131f9faa2dbc029e3c01.js:2:120187)
    at ss (https://maze.co/framework-131f9faa2dbc029e3c01.js:2:117349)
    at jl (https://maze.co/framework-131f9faa2dbc029e3c01.js:2:58501)
    at https://maze.co/framework-131f9faa2dbc029e3c01.js:2:114977
[    4995ms] Error: Minified React error #421; visit https://reactjs.org/docs/error-decoder.html?invariant=421 for the full message or use the non-minified dev environment for full errors and additional helpful warnings.
    at https://maze.co/framework-131f9faa2dbc029e3c01.js:2:91501
    at Uu (https://maze.co/framework-131f9faa2dbc029e3c01.js:2:91775)
    at Ei (https://maze.co/framework-131f9faa2dbc029e3c01.js:2:133029)
    at ks (https://maze.co/framework-131f9faa2dbc029e3c01.js:2:120396)
    at ys (https://maze.co/framework-131f9faa2dbc029e3c01.js:2:120324)
    at gs (https://maze.co/framework-131f9faa2dbc029e3c01.js:2:120187)
    at ss (https://maze.co/framework-131f9faa2dbc029e3c01.js:2:117349)
    at jl (https://maze.co/framework-131f9faa2dbc029e3c01.js:2:58501)
    at https://maze.co/framework-131f9faa2dbc029e3c01.js:2:114977
[    4995ms] Error: Minified React error #421; visit https://reactjs.org/docs/error-decoder.html?invariant=421 for the full message or use the non-minified dev environment for full errors and additional helpful warnings.
    at https://maze.co/framework-131f9faa2dbc029e3c01.js:2:91501
    at Uu (https://maze.co/framework-131f9faa2dbc029e3c01.js:2:91775)
    at Ei (https://maze.co/framework-131f9faa2dbc029e3c01.js:2:133029)
    at ks (https://maze.co/framework-131f9faa2dbc029e3c01.js:2:120396)
    at ys (https://maze.co/framework-131f9faa2dbc029e3c01.js:2:120324)
    at gs (https://maze.co/framework-131f9faa2dbc029e3c01.js:2:120187)
    at ss (https://maze.co/framework-131f9faa2dbc029e3c01.js:2:117349)
    at jl (https://maze.co/framework-131f9faa2dbc029e3c01.js:2:58501)
    at https://maze.co/framework-131f9faa2dbc029e3c01.js:2:114977
[    4997ms] Error: Minified React error #421; visit https://reactjs.org/docs/error-decoder.html?invariant=421 for the full message or use the non-minified dev environment for full errors and additional helpful warnings.
    at https://maze.co/framework-131f9faa2dbc029e3c01.js:2:91501
    at Uu (https://maze.co/framework-131f9faa2dbc029e3c01.js:2:91775)
    at Ei (https://maze.co/framework-131f9faa2dbc029e3c01.js:2:133029)
    at ks (https://maze.co/framework-131f9faa2dbc029e3c01.js:2:120396)
    at ys (https://maze.co/framework-131f9faa2dbc029e3c01.js:2:120324)
    at gs (https://maze.co/framework-131f9faa2dbc029e3c01.js:2:120187)
    at ss (https://maze.co/framework-131f9faa2dbc029e3c01.js:2:117349)
    at jl (https://maze.co/framework-131f9faa2dbc029e3c01.js:2:58501)
    at https://maze.co/framework-131f9faa2dbc029e3c01.js:2:114977
[    4997ms] Error: Minified React error #421; visit https://reactjs.org/docs/error-decoder.html?invariant=421 for the full message or use the non-minified dev environment for full errors and additional helpful warnings.
    at https://maze.co/framework-131f9faa2dbc029e3c01.js:2:91501
    at Uu (https://maze.co/framework-131f9faa2dbc029e3c01.js:2:91775)
    at Ei (https://maze.co/framework-131f9faa2dbc029e3c01.js:2:133029)
    at ks (https://maze.co/framework-131f9faa2dbc029e3c01.js:2:120396)
    at ys (https://maze.co/framework-131f9faa2dbc029e3c01.js:2:120324)
    at gs (https://maze.co/framework-131f9faa2dbc029e3c01.js:2:120187)
    at ss (https://maze.co/framework-131f9faa2dbc029e3c01.js:2:117349)
    at jl (https://maze.co/framework-131f9faa2dbc029e3c01.js:2:58501)
    at https://maze.co/framework-131f9faa2dbc029e3c01.js:2:114977
[    4997ms] Error: Minified React error #421; visit https://reactjs.org/docs/error-decoder.html?invariant=421 for the full message or use the non-minified dev environment for full errors and additional helpful warnings.
    at https://maze.co/framework-131f9faa2dbc029e3c01.js:2:91501
    at Uu (https://maze.co/framework-131f9faa2dbc029e3c01.js:2:91775)
    at Ei (https://maze.co/framework-131f9faa2dbc029e3c01.js:2:133029)
    at ks (https://maze.co/framework-131f9faa2dbc029e3c01.js:2:120396)
    at ys (https://maze.co/framework-131f9faa2dbc029e3c01.js:2:120324)
    at gs (https://maze.co/framework-131f9faa2dbc029e3c01.js:2:120187)
    at ss (https://maze.co/framework-131f9faa2dbc029e3c01.js:2:117349)
    at jl (https://maze.co/framework-131f9faa2dbc029e3c01.js:2:58501)
    at https://maze.co/framework-131f9faa2dbc029e3c01.js:2:114977
[    4997ms] Error: Minified React error #421; visit https://reactjs.org/docs/error-decoder.html?invariant=421 for the full message or use the non-minified dev environment for full errors and additional helpful warnings.
    at https://maze.co/framework-131f9faa2dbc029e3c01.js:2:91501
    at Uu (https://maze.co/framework-131f9faa2dbc029e3c01.js:2:91775)
    at Ei (https://maze.co/framework-131f9faa2dbc029e3c01.js:2:133029)
    at ks (https://maze.co/framework-131f9faa2dbc029e3c01.js:2:120396)
    at ys (https://maze.co/framework-131f9faa2dbc029e3c01.js:2:120324)
    at gs (https://maze.co/framework-131f9faa2dbc029e3c01.js:2:120187)
    at ss (https://maze.co/framework-131f9faa2dbc029e3c01.js:2:117349)
    at jl (https://maze.co/framework-131f9faa2dbc029e3c01.js:2:58501)
    at https://maze.co/framework-131f9faa2dbc029e3c01.js:2:114977
[    4998ms] Error: Minified React error #421; visit https://reactjs.org/docs/error-decoder.html?invariant=421 for the full message or use the non-minified dev environment for full errors and additional helpful warnings.
    at https://maze.co/framework-131f9faa2dbc029e3c01.js:2:91501
    at Uu (https://maze.co/framework-131f9faa2dbc029e3c01.js:2:91775)
    at Ei (https://maze.co/framework-131f9faa2dbc029e3c01.js:2:133029)
    at ks (https://maze.co/framework-131f9faa2dbc029e3c01.js:2:120396)
    at ys (https://maze.co/framework-131f9faa2dbc029e3c01.js:2:120324)
    at gs (https://maze.co/framework-131f9faa2dbc029e3c01.js:2:120187)
    at ss (https://maze.co/framework-131f9faa2dbc029e3c01.js:2:117349)
    at jl (https://maze.co/framework-131f9faa2dbc029e3c01.js:2:58501)
    at https://maze.co/framework-131f9faa2dbc029e3c01.js:2:114977
[    4998ms] Error: Minified React error #421; visit https://reactjs.org/docs/error-decoder.html?invariant=421 for the full message or use the non-minified dev environment for full errors and additional helpful warnings.
    at https://maze.co/framework-131f9faa2dbc029e3c01.js:2:91501
    at Uu (https://maze.co/framework-131f9faa2dbc029e3c01.js:2:91775)
    at Ei (https://maze.co/framework-131f9faa2dbc029e3c01.js:2:133029)
    at ks (https://maze.co/framework-131f9faa2dbc029e3c01.js:2:120396)
    at ys (https://maze.co/framework-131f9faa2dbc029e3c01.js:2:120324)
    at gs (https://maze.co/framework-131f9faa2dbc029e3c01.js:2:120187)
    at ss (https://maze.co/framework-131f9faa2dbc029e3c01.js:2:117349)
    at jl (https://maze.co/framework-131f9faa2dbc029e3c01.js:2:58501)
    at https://maze.co/framework-131f9faa2dbc029e3c01.js:2:114977
[    4998ms] Error: Minified React error #421; visit https://reactjs.org/docs/error-decoder.html?invariant=421 for the full message or use the non-minified dev environment for full errors and additional helpful warnings.
    at https://maze.co/framework-131f9faa2dbc029e3c01.js:2:91501
    at Uu (https://maze.co/framework-131f9faa2dbc029e3c01.js:2:91775)
    at Ei (https://maze.co/framework-131f9faa2dbc029e3c01.js:2:133029)
    at ks (https://maze.co/framework-131f9faa2dbc029e3c01.js:2:120396)
    at ys (https://maze.co/framework-131f9faa2dbc029e3c01.js:2:120324)
    at gs (https://maze.co/framework-131f9faa2dbc029e3c01.js:2:120187)
    at ss (https://maze.co/framework-131f9faa2dbc029e3c01.js:2:117349)
    at jl (https://maze.co/framework-131f9faa2dbc029e3c01.js:2:58501)
    at https://maze.co/framework-131f9faa2dbc029e3c01.js:2:114977
[    4998ms] Error: Minified React error #421; visit https://reactjs.org/docs/error-decoder.html?invariant=421 for the full message or use the non-minified dev environment for full errors and additional helpful warnings.
    at https://maze.co/framework-131f9faa2dbc029e3c01.js:2:91501
    at Uu (https://maze.co/framework-131f9faa2dbc029e3c01.js:2:91775)
    at Ei (https://maze.co/framework-131f9faa2dbc029e3c01.js:2:133029)
    at ks (https://maze.co/framework-131f9faa2dbc029e3c01.js:2:120396)
    at ys (https://maze.co/framework-131f9faa2dbc029e3c01.js:2:120324)
    at gs (https://maze.co/framework-131f9faa2dbc029e3c01.js:2:120187)
    at ss (https://maze.co/framework-131f9faa2dbc029e3c01.js:2:117349)
    at jl (https://maze.co/framework-131f9faa2dbc029e3c01.js:2:58501)
    at https://maze.co/framework-131f9faa2dbc029e3c01.js:2:114977
[    4998ms] Error: Minified React error #421; visit https://reactjs.org/docs/error-decoder.html?invariant=421 for the full message or use the non-minified dev environment for full errors and additional helpful warnings.
    at https://maze.co/framework-131f9faa2dbc029e3c01.js:2:91501
    at Uu (https://maze.co/framework-131f9faa2dbc029e3c01.js:2:91775)
    at Ei (https://maze.co/framework-131f9faa2dbc029e3c01.js:2:133029)
    at ks (https://maze.co/framework-131f9faa2dbc029e3c01.js:2:120396)
    at ys (https://maze.co/framework-131f9faa2dbc029e3c01.js:2:120324)
    at gs (https://maze.co/framework-131f9faa2dbc029e3c01.js:2:120187)
    at ss (https://maze.co/framework-131f9faa2dbc029e3c01.js:2:117349)
    at jl (https://maze.co/framework-131f9faa2dbc029e3c01.js:2:58501)
    at https://maze.co/framework-131f9faa2dbc029e3c01.js:2:114977
[    4998ms] Error: Minified React error #421; visit https://reactjs.org/docs/error-decoder.html?invariant=421 for the full message or use the non-minified dev environment for full errors and additional helpful warnings.
    at https://maze.co/framework-131f9faa2dbc029e3c01.js:2:91501
    at Uu (https://maze.co/framework-131f9faa2dbc029e3c01.js:2:91775)
    at Ei (https://maze.co/framework-131f9faa2dbc029e3c01.js:2:133029)
    at ks (https://maze.co/framework-131f9faa2dbc029e3c01.js:2:120396)
    at ys (https://maze.co/framework-131f9faa2dbc029e3c01.js:2:120324)
    at gs (https://maze.co/framework-131f9faa2dbc029e3c01.js:2:120187)
    at ss (https://maze.co/framework-131f9faa2dbc029e3c01.js:2:117349)
    at jl (https://maze.co/framework-131f9faa2dbc029e3c01.js:2:58501)
    at https://maze.co/framework-131f9faa2dbc029e3c01.js:2:114977
[    5001ms] Error: Minified React error #421; visit https://reactjs.org/docs/error-decoder.html?invariant=421 for the full message or use the non-minified dev environment for full errors and additional helpful warnings.
    at https://maze.co/framework-131f9faa2dbc029e3c01.js:2:91501
    at Uu (https://maze.co/framework-131f9faa2dbc029e3c01.js:2:91775)
    at Ei (https://maze.co/framework-131f9faa2dbc029e3c01.js:2:133029)
    at ks (https://maze.co/framework-131f9faa2dbc029e3c01.js:2:120396)
    at ys (https://maze.co/framework-131f9faa2dbc029e3c01.js:2:120324)
    at gs (https://maze.co/framework-131f9faa2dbc029e3c01.js:2:120187)
    at ss (https://maze.co/framework-131f9faa2dbc029e3c01.js:2:117349)
    at jl (https://maze.co/framework-131f9faa2dbc029e3c01.js:2:58501)
    at https://maze.co/framework-131f9faa2dbc029e3c01.js:2:114977
[    5001ms] Error: Minified React error #421; visit https://reactjs.org/docs/error-decoder.html?invariant=421 for the full message or use the non-minified dev environment for full errors and additional helpful warnings.
    at https://maze.co/framework-131f9faa2dbc029e3c01.js:2:91501
    at Uu (https://maze.co/framework-131f9faa2dbc029e3c01.js:2:91775)
    at Ei (https://maze.co/framework-131f9faa2dbc029e3c01.js:2:133029)
    at ks (https://maze.co/framework-131f9faa2dbc029e3c01.js:2:120396)
    at ys (https://maze.co/framework-131f9faa2dbc029e3c01.js:2:120324)
    at gs (https://maze.co/framework-131f9faa2dbc029e3c01.js:2:120187)
    at ss (https://maze.co/framework-131f9faa2dbc029e3c01.js:2:117349)
    at jl (https://maze.co/framework-131f9faa2dbc029e3c01.js:2:58501)
    at https://maze.co/framework-131f9faa2dbc029e3c01.js:2:114977
[    5001ms] Error: Minified React error #421; visit https://reactjs.org/docs/error-decoder.html?invariant=421 for the full message or use the non-minified dev environment for full errors and additional helpful warnings.
    at https://maze.co/framework-131f9faa2dbc029e3c01.js:2:91501
    at Uu (https://maze.co/framework-131f9faa2dbc029e3c01.js:2:91775)
    at Ei (https://maze.co/framework-131f9faa2dbc029e3c01.js:2:133029)
    at ks (https://maze.co/framework-131f9faa2dbc029e3c01.js:2:120396)
    at ys (https://maze.co/framework-131f9faa2dbc029e3c01.js:2:120324)
    at gs (https://maze.co/framework-131f9faa2dbc029e3c01.js:2:120187)
    at ss (https://maze.co/framework-131f9faa2dbc029e3c01.js:2:117349)
    at jl (https://maze.co/framework-131f9faa2dbc029e3c01.js:2:58501)
    at https://maze.co/framework-131f9faa2dbc029e3c01.js:2:114977
[    5001ms] Error: Minified React error #421; visit https://reactjs.org/docs/error-decoder.html?invariant=421 for the full message or use the non-minified dev environment for full errors and additional helpful warnings.
    at https://maze.co/framework-131f9faa2dbc029e3c01.js:2:91501
    at Uu (https://maze.co/framework-131f9faa2dbc029e3c01.js:2:91775)
    at Ei (https://maze.co/framework-131f9faa2dbc029e3c01.js:2:133029)
    at ks (https://maze.co/framework-131f9faa2dbc029e3c01.js:2:120396)
    at ys (https://maze.co/framework-131f9faa2dbc029e3c01.js:2:120324)
    at gs (https://maze.co/framework-131f9faa2dbc029e3c01.js:2:120187)
    at ss (https://maze.co/framework-131f9faa2dbc029e3c01.js:2:117349)
    at jl (https://maze.co/framework-131f9faa2dbc029e3c01.js:2:58501)
    at https://maze.co/framework-131f9faa2dbc029e3c01.js:2:114977
[    5001ms] Error: Minified React error #421; visit https://reactjs.org/docs/error-decoder.html?invariant=421 for the full message or use the non-minified dev environment for full errors and additional helpful warnings.
    at https://maze.co/framework-131f9faa2dbc029e3c01.js:2:91501
    at Uu (https://maze.co/framework-131f9faa2dbc029e3c01.js:2:91775)
    at Ei (https://maze.co/framework-131f9faa2dbc029e3c01.js:2:133029)
    at ks (https://maze.co/framework-131f9faa2dbc029e3c01.js:2:120396)
    at ys (https://maze.co/framework-131f9faa2dbc029e3c01.js:2:120324)
    at gs (https://maze.co/framework-131f9faa2dbc029e3c01.js:2:120187)
    at ss (https://maze.co/framework-131f9faa2dbc029e3c01.js:2:117349)
    at jl (https://maze.co/framework-131f9faa2dbc029e3c01.js:2:58501)
    at https://maze.co/framework-131f9faa2dbc029e3c01.js:2:114977
[    5001ms] Error: Minified React error #421; visit https://reactjs.org/docs/error-decoder.html?invariant=421 for the full message or use the non-minified dev environment for full errors and additional helpful warnings.
    at https://maze.co/framework-131f9faa2dbc029e3c01.js:2:91501
    at Uu (https://maze.co/framework-131f9faa2dbc029e3c01.js:2:91775)
    at Ei (https://maze.co/framework-131f9faa2dbc029e3c01.js:2:133029)
    at ks (https://maze.co/framework-131f9faa2dbc029e3c01.js:2:120396)
    at ys (https://maze.co/framework-131f9faa2dbc029e3c01.js:2:120324)
    at gs (https://maze.co/framework-131f9faa2dbc029e3c01.js:2:120187)
    at ss (https://maze.co/framework-131f9faa2dbc029e3c01.js:2:117349)
    at jl (https://maze.co/framework-131f9faa2dbc029e3c01.js:2:58501)
    at https://maze.co/framework-131f9faa2dbc029e3c01.js:2:114977
[    5001ms] Error: Minified React error #421; visit https://reactjs.org/docs/error-decoder.html?invariant=421 for the full message or use the non-minified dev environment for full errors and additional helpful warnings.
    at https://maze.co/framework-131f9faa2dbc029e3c01.js:2:91501
    at Uu (https://maze.co/framework-131f9faa2dbc029e3c01.js:2:91775)
    at Ei (https://maze.co/framework-131f9faa2dbc029e3c01.js:2:133029)
    at ks (https://maze.co/framework-131f9faa2dbc029e3c01.js:2:120396)
    at ys (https://maze.co/framework-131f9faa2dbc029e3c01.js:2:120324)
    at gs (https://maze.co/framework-131f9faa2dbc029e3c01.js:2:120187)
    at ss (https://maze.co/framework-131f9faa2dbc029e3c01.js:2:117349)
    at jl (https://maze.co/framework-131f9faa2dbc029e3c01.js:2:58501)
    at https://maze.co/framework-131f9faa2dbc029e3c01.js:2:114977
[    5001ms] Error: Minified React error #421; visit https://reactjs.org/docs/error-decoder.html?invariant=421 for the full message or use the non-minified dev environment for full errors and additional helpful warnings.
    at https://maze.co/framework-131f9faa2dbc029e3c01.js:2:91501
    at Uu (https://maze.co/framework-131f9faa2dbc029e3c01.js:2:91775)
    at Ei (https://maze.co/framework-131f9faa2dbc029e3c01.js:2:133029)
    at ks (https://maze.co/framework-131f9faa2dbc029e3c01.js:2:120396)
    at ys (https://maze.co/framework-131f9faa2dbc029e3c01.js:2:120324)
    at gs (https://maze.co/framework-131f9faa2dbc029e3c01.js:2:120187)
    at ss (https://maze.co/framework-131f9faa2dbc029e3c01.js:2:117349)
    at jl (https://maze.co/framework-131f9faa2dbc029e3c01.js:2:58501)
    at https://maze.co/framework-131f9faa2dbc029e3c01.js:2:114977
[    5001ms] Error: Minified React error #421; visit https://reactjs.org/docs/error-decoder.html?invariant=421 for the full message or use the non-minified dev environment for full errors and additional helpful warnings.
    at https://maze.co/framework-131f9faa2dbc029e3c01.js:2:91501
    at Uu (https://maze.co/framework-131f9faa2dbc029e3c01.js:2:91775)
    at Ei (https://maze.co/framework-131f9faa2dbc029e3c01.js:2:133029)
    at ks (https://maze.co/framework-131f9faa2dbc029e3c01.js:2:120396)
    at ys (https://maze.co/framework-131f9faa2dbc029e3c01.js:2:120324)
    at gs (https://maze.co/framework-131f9faa2dbc029e3c01.js:2:120187)
    at ss (https://maze.co/framework-131f9faa2dbc029e3c01.js:2:117349)
    at jl (https://maze.co/framework-131f9faa2dbc029e3c01.js:2:58501)
    at https://maze.co/framework-131f9faa2dbc029e3c01.js:2:114977
[    5002ms] Error: Minified React error #421; visit https://reactjs.org/docs/error-decoder.html?invariant=421 for the full message or use the non-minified dev environment for full errors and additional helpful warnings.
    at https://maze.co/framework-131f9faa2dbc029e3c01.js:2:91501
    at Uu (https://maze.co/framework-131f9faa2dbc029e3c01.js:2:91775)
    at Ei (https://maze.co/framework-131f9faa2dbc029e3c01.js:2:133029)
    at ks (https://maze.co/framework-131f9faa2dbc029e3c01.js:2:120396)
    at ys (https://maze.co/framework-131f9faa2dbc029e3c01.js:2:120324)
    at gs (https://maze.co/framework-131f9faa2dbc029e3c01.js:2:120187)
    at ss (https://maze.co/framework-131f9faa2dbc029e3c01.js:2:117349)
    at jl (https://maze.co/framework-131f9faa2dbc029e3c01.js:2:58501)
    at https://maze.co/framework-131f9faa2dbc029e3c01.js:2:114977
[    5002ms] Error: Minified React error #421; visit https://reactjs.org/docs/error-decoder.html?invariant=421 for the full message or use the non-minified dev environment for full errors and additional helpful warnings.
    at https://maze.co/framework-131f9faa2dbc029e3c01.js:2:91501
    at Uu (https://maze.co/framework-131f9faa2dbc029e3c01.js:2:91775)
    at Ei (https://maze.co/framework-131f9faa2dbc029e3c01.js:2:133029)
    at ks (https://maze.co/framework-131f9faa2dbc029e3c01.js:2:120396)
    at ys (https://maze.co/framework-131f9faa2dbc029e3c01.js:2:120324)
    at gs (https://maze.co/framework-131f9faa2dbc029e3c01.js:2:120187)
    at ss (https://maze.co/framework-131f9faa2dbc029e3c01.js:2:117349)
    at jl (https://maze.co/framework-131f9faa2dbc029e3c01.js:2:58501)
    at https://maze.co/framework-131f9faa2dbc029e3c01.js:2:114977
[    5003ms] Error: Minified React error #421; visit https://reactjs.org/docs/error-decoder.html?invariant=421 for the full message or use the non-minified dev environment for full errors and additional helpful warnings.
    at https://maze.co/framework-131f9faa2dbc029e3c01.js:2:91501
    at Uu (https://maze.co/framework-131f9faa2dbc029e3c01.js:2:91775)
    at Ei (https://maze.co/framework-131f9faa2dbc029e3c01.js:2:133029)
    at ks (https://maze.co/framework-131f9faa2dbc029e3c01.js:2:120396)
    at ys (https://maze.co/framework-131f9faa2dbc029e3c01.js:2:120324)
    at gs (https://maze.co/framework-131f9faa2dbc029e3c01.js:2:120187)
    at ss (https://maze.co/framework-131f9faa2dbc029e3c01.js:2:117349)
    at jl (https://maze.co/framework-131f9faa2dbc029e3c01.js:2:58501)
    at https://maze.co/framework-131f9faa2dbc029e3c01.js:2:114977
[    5003ms] Error: Minified React error #421; visit https://reactjs.org/docs/error-decoder.html?invariant=421 for the full message or use the non-minified dev environment for full errors and additional helpful warnings.
    at https://maze.co/framework-131f9faa2dbc029e3c01.js:2:91501
    at Uu (https://maze.co/framework-131f9faa2dbc029e3c01.js:2:91775)
    at Ei (https://maze.co/framework-131f9faa2dbc029e3c01.js:2:133029)
    at ks (https://maze.co/framework-131f9faa2dbc029e3c01.js:2:120396)
    at ys (https://maze.co/framework-131f9faa2dbc029e3c01.js:2:120324)
    at gs (https://maze.co/framework-131f9faa2dbc029e3c01.js:2:120187)
    at ss (https://maze.co/framework-131f9faa2dbc029e3c01.js:2:117349)
    at jl (https://maze.co/framework-131f9faa2dbc029e3c01.js:2:58501)
    at https://maze.co/framework-131f9faa2dbc029e3c01.js:2:114977
[    5003ms] Error: Minified React error #421; visit https://reactjs.org/docs/error-decoder.html?invariant=421 for the full message or use the non-minified dev environment for full errors and additional helpful warnings.
    at https://maze.co/framework-131f9faa2dbc029e3c01.js:2:91501
    at Uu (https://maze.co/framework-131f9faa2dbc029e3c01.js:2:91775)
    at Ei (https://maze.co/framework-131f9faa2dbc029e3c01.js:2:133029)
    at ks (https://maze.co/framework-131f9faa2dbc029e3c01.js:2:120396)
    at ys (https://maze.co/framework-131f9faa2dbc029e3c01.js:2:120324)
    at gs (https://maze.co/framework-131f9faa2dbc029e3c01.js:2:120187)
    at ss (https://maze.co/framework-131f9faa2dbc029e3c01.js:2:117349)
    at jl (https://maze.co/framework-131f9faa2dbc029e3c01.js:2:58501)
    at https://maze.co/framework-131f9faa2dbc029e3c01.js:2:114977
[    5003ms] Error: Minified React error #421; visit https://reactjs.org/docs/error-decoder.html?invariant=421 for the full message or use the non-minified dev environment for full errors and additional helpful warnings.
    at https://maze.co/framework-131f9faa2dbc029e3c01.js:2:91501
    at Uu (https://maze.co/framework-131f9faa2dbc029e3c01.js:2:91775)
    at Ei (https://maze.co/framework-131f9faa2dbc029e3c01.js:2:133029)
    at ks (https://maze.co/framework-131f9faa2dbc029e3c01.js:2:120396)
    at ys (https://maze.co/framework-131f9faa2dbc029e3c01.js:2:120324)
    at gs (https://maze.co/framework-131f9faa2dbc029e3c01.js:2:120187)
    at ss (https://maze.co/framework-131f9faa2dbc029e3c01.js:2:117349)
    at jl (https://maze.co/framework-131f9faa2dbc029e3c01.js:2:58501)
    at https://maze.co/framework-131f9faa2dbc029e3c01.js:2:114977
[    5003ms] Error: Minified React error #421; visit https://reactjs.org/docs/error-decoder.html?invariant=421 for the full message or use the non-minified dev environment for full errors and additional helpful warnings.
    at https://maze.co/framework-131f9faa2dbc029e3c01.js:2:91501
    at Uu (https://maze.co/framework-131f9faa2dbc029e3c01.js:2:91775)
    at Ei (https://maze.co/framework-131f9faa2dbc029e3c01.js:2:133029)
    at ks (https://maze.co/framework-131f9faa2dbc029e3c01.js:2:120396)
    at ys (https://maze.co/framework-131f9faa2dbc029e3c01.js:2:120324)
    at gs (https://maze.co/framework-131f9faa2dbc029e3c01.js:2:120187)
    at ss (https://maze.co/framework-131f9faa2dbc029e3c01.js:2:117349)
    at jl (https://maze.co/framework-131f9faa2dbc029e3c01.js:2:58501)
    at https://maze.co/framework-131f9faa2dbc029e3c01.js:2:114977
[    5003ms] Error: Minified React error #421; visit https://reactjs.org/docs/error-decoder.html?invariant=421 for the full message or use the non-minified dev environment for full errors and additional helpful warnings.
    at https://maze.co/framework-131f9faa2dbc029e3c01.js:2:91501
    at Uu (https://maze.co/framework-131f9faa2dbc029e3c01.js:2:91775)
    at Ei (https://maze.co/framework-131f9faa2dbc029e3c01.js:2:133029)
    at ks (https://maze.co/framework-131f9faa2dbc029e3c01.js:2:120396)
    at ys (https://maze.co/framework-131f9faa2dbc029e3c01.js:2:120324)
    at gs (https://maze.co/framework-131f9faa2dbc029e3c01.js:2:120187)
    at ss (https://maze.co/framework-131f9faa2dbc029e3c01.js:2:117349)
    at jl (https://maze.co/framework-131f9faa2dbc029e3c01.js:2:58501)
    at https://maze.co/framework-131f9faa2dbc029e3c01.js:2:114977
[    6199ms] [WARNING] [Meta Pixel] - Duplicate Pixel ID: 1773489793105837. @ https://connect.facebook.net/en_US/fbevents.js:181
[    6204ms] [ERROR] Loading the script 'https://static.hotjar.com/c/hotjar-1703450.js?sv=6' violates the following Content Security Policy directive: "script-src 'self' 'unsafe-inline' 'unsafe-eval' 'wasm-unsafe-eval' https://*.maze.co https://cdn-cookieyes.com https://cdn.amplitude.com https://cdn.segment.com https://www.google-analytics.com https://*.googletagmanager.com https://pagead2.googlesyndication.com https://googleads.g.doubleclick.net https://www.googleadservices.com https://connect.facebook.net https://*.clickagy.com https://*.cdnjs.network https://bat.bing.com https://static.ads-twitter.com https://snap.licdn.com https://*.twitter.com https://*.zoominfo.com https://js.zi-scripts.com https://extend.vimeocdn.com https://player.vimeo.com https://*.chilipiper.com https://mazedesign.widget.insent.ai https://*.cloudfront.net *.hs-scripts.com *.hsadspixel.net *.hs-analytics.net js.hscta.net *.hubspot.com *.hubspot.net static.hsappstatic.net *.usemessages.com *.hs-banner.com *.hscollectedforms.net *.hsleadflows.net *.hsforms.net *.hsforms.com *.hubspotfeedback.com feedback.hubapi.com https://www.google.com/recaptcha/ https://www.gstatic.com/recaptcha/ https://code.tidio.co https://widget-v4.tidiochat.com https://app.spara.co https://*.arcade.software https://*.apollo.io https://netlify-cdp-loader.netlify.app blob:". Note that 'script-src-elem' was not explicitly set, so 'script-src' is used as a fallback. The action has been blocked. @ :0
[    7088ms] [ERROR] Loading the image 'https://www.google.co.kr/ads/ga-audiences?v=1&t=sr&slf_rd=1&_r=4&tid=G-B6Y80DLMDD&cid=1543910624.1778927744&gtm=45je65d0v888307796z8855773664za20gzb855773664zd855773664&rcb=16&aip=1&dma=0&gcd=13l3l3l3l1l1&npa=0&frm=0&tag_exp=0~115938465~115938468&z=913741711' violates the following Content Security Policy directive: "img-src 'self' https://*.maze.co https://placehold.co https://www.datocms-assets.com https://image.mux.com https://cdn-cookieyes.com https://*.chilipiper.com https://*.rlcdn.com https://*.clickagy.com https://bat.bing.com https://*.linkedin.com https://px.ads.linkedin.com https://px4.ads.linkedin.com https://analytics.twitter.com https://*.google-analytics.com https://*.analytics.google.com https://*.doubleclick.net https://*.g.doubleclick.net https://*.google.com https://*.google.fr https://pagead2.googlesyndication.com https://www.googleadservices.com https://ssl.gstatic.com https://www.gstatic.com https://*.googletagmanager.com https://t.co https://i.vimeocdn.com https://i.ytimg.com https://*.facebook.com cdnjs.cloudflare.com no-cache.hubspot.com js.hscta.net *.hubspot.com *.hubspot.net cdn2.hubspot.net *.hsforms.net *.hsforms.com *.hubspotusercontent-na1.net https://app.spara.co https://spara-prod.s3.amazonaws.com https://*.arcade.software https://*.apollo.io blob: data:". The action has been blocked. @ https://maze.co/:0
[    7185ms] [WARNING] Unable to locate Google Analytics gtag function. @ https://extend.vimeocdn.com/ga4/142778769.js:1
[    7797ms] [ERROR] Loading the image 'https://www.google.co.kr/pagead/1p-user-list/615877485/?random=1778928280408&cv=11&fst=1778925600000&bg=ffffff&guid=ON&async=1&en=gtag.config&gtm=45be65d0v880702420z8855773664za20gzb855773664zd855773664xec&gcd=13l3l3l3l1l1&dma=0&tag_exp=0~115938465~115938469&u_w=1440&u_h=900&url=https%3A%2F%2Fmaze.co%2F&rcb=4&frm=0&tiba=Maze%20%7C%20User%20Research%20and%20Testing%20Platform&hn=www.googleadservices.com&npa=0&pscdl=noapi&auid=801497462.1778927744&uaa=x86&uab=64&uafvl=Chromium%3B148.0.7778.168%7CGoogle%2520Chrome%3B148.0.7778.168%7CNot%252FA)Brand%3B99.0.0.0&uamb=0&uam=&uap=Windows&uapv=10.0.0&uaw=0&data=event%3Dgtag.config&rfmt=3&fmt=3&is_vtc=1&cid=CAQSvwEABaugfR8PaUFUEaFsapKIbtZCr-EgB2HtFqmme08S_93euUbPt2K7Yy8v6VJg-TZ8RcCPCdqB9ZZ_ci6MnDdU3xGOZQnRFhnUamsyYTKkaqyaU27QB8wp-bpmg2rdWcJJ7OgmsgAUZhgm3VNsk-IB-fGpkp8oSNB_nwJoa72B97qnRU7IVu8wJLhJh7SjLs6v1cB3ACuP3ubA2gx9pHeKFGVAKqICc1OoYccqM1XkOTeNMBAEiLr7Oklr9YP6NA&random=642790171&rmt_tld=1&ipr=y' violates the following Content Security Policy directive: "img-src 'self' https://*.maze.co https://placehold.co https://www.datocms-assets.com https://image.mux.com https://cdn-cookieyes.com https://*.chilipiper.com https://*.rlcdn.com https://*.clickagy.com https://bat.bing.com https://*.linkedin.com https://px.ads.linkedin.com https://px4.ads.linkedin.com https://analytics.twitter.com https://*.google-analytics.com https://*.analytics.google.com https://*.doubleclick.net https://*.g.doubleclick.net https://*.google.com https://*.google.fr https://pagead2.googlesyndication.com https://www.googleadservices.com https://ssl.gstatic.com https://www.gstatic.com https://*.googletagmanager.com https://t.co https://i.vimeocdn.com https://i.ytimg.com https://*.facebook.com cdnjs.cloudflare.com no-cache.hubspot.com js.hscta.net *.hubspot.com *.hubspot.net cdn2.hubspot.net *.hsforms.net *.hsforms.com *.hubspotusercontent-na1.net https://app.spara.co https://spara-prod.s3.amazonaws.com https://*.arcade.software https://*.apollo.io blob: data:". The action has been blocked. @ https://maze.co/:0
[    8221ms] [LOG] SPARA EMBED: Setting gcl_au from cookie: 1.1.801497462.1778927744 @ https://app.spara.co/full-embed.js?app_id=vDJrz5AZ3:1
[    8222ms] [LOG] SPARA EMBED: Extracting GA4 parameters from existing setup @ https://app.spara.co/full-embed.js?app_id=vDJrz5AZ3:1
[    8222ms] [LOG] SPARA EMBED: gtag API not found, will fall back to cookie parsing @ https://app.spara.co/full-embed.js?app_id=vDJrz5AZ3:1
[    8223ms] [LOG] SPARA EMBED: Extracted client_id from _ga cookie: 1543910624.1778927744 @ https://app.spara.co/full-embed.js?app_id=vDJrz5AZ3:1
[    8223ms] [LOG] SPARA EMBED: Extracted session_id from _ga_ cookie (new format): 1778927744 @ https://app.spara.co/full-embed.js?app_id=vDJrz5AZ3:1
[    8223ms] [LOG] SPARA EMBED: Cached GA4 params: {"ga4_client_id":"1543910624.1778927744","ga4_session_id":"1778927744"} @ https://app.spara.co/full-embed.js?app_id=vDJrz5AZ3:1
[    8857ms] [ERROR] Loading the image 'https://www.google.co.kr/pagead/1p-user-list/615877485/?random=1778928282437&cv=11&fst=1778925600000&bg=ffffff&guid=ON&async=1&en=gtag.config&gtm=45be65d0v880702420za20gzb855773664zd855773664xec&gcd=13l3l3l3l1l1&dma=0&tag_exp=0~115938465~115938469&u_w=1440&u_h=900&url=https%3A%2F%2Fmaze.co%2F&rcb=4&frm=0&tiba=Maze%20%7C%20User%20Research%20and%20Testing%20Platform&did=dZTQ1Zm&gdid=dZTQ1Zm&hn=www.googleadservices.com&npa=0&pscdl=noapi&auid=801497462.1778927744&uaa=x86&uab=64&uafvl=Chromium%3B148.0.7778.168%7CGoogle%2520Chrome%3B148.0.7778.168%7CNot%252FA)Brand%3B99.0.0.0&uamb=0&uam=&uap=Windows&uapv=10.0.0&uaw=0&data=event%3Dgtag.config&rfmt=3&fmt=3&is_vtc=1&cid=CAQSvwEABaugfb1BzAckBW-Xh7mSNE3SrdL_0nIN6kwBlwFk__BIOs4CEGSgPco63QA_QWyYjAFoQtXK8d7iIATjwh09q97SlCuOZJTPuHF90QlhrKKZUHXN24tzhXfyvziJoQ4clPj24VF1qM8h0uVTqAMiUwAjfZqY9ywXcJ4ImWLulhZdcj97JifYJPN5XLsnCMy4HuWZ-9YgRx__R9aeEawzPk_s9fC4c63tMgR6C4LloukZ5x6PZApayr3uqc9VSw&random=154158448&rmt_tld=1&ipr=y' violates the following Content Security Policy directive: "img-src 'self' https://*.maze.co https://placehold.co https://www.datocms-assets.com https://image.mux.com https://cdn-cookieyes.com https://*.chilipiper.com https://*.rlcdn.com https://*.clickagy.com https://bat.bing.com https://*.linkedin.com https://px.ads.linkedin.com https://px4.ads.linkedin.com https://analytics.twitter.com https://*.google-analytics.com https://*.analytics.google.com https://*.doubleclick.net https://*.g.doubleclick.net https://*.google.com https://*.google.fr https://pagead2.googlesyndication.com https://www.googleadservices.com https://ssl.gstatic.com https://www.gstatic.com https://*.googletagmanager.com https://t.co https://i.vimeocdn.com https://i.ytimg.com https://*.facebook.com cdnjs.cloudflare.com no-cache.hubspot.com js.hscta.net *.hubspot.com *.hubspot.net cdn2.hubspot.net *.hsforms.net *.hsforms.com *.hubspotusercontent-na1.net https://app.spara.co https://spara-prod.s3.amazonaws.com https://*.arcade.software https://*.apollo.io blob: data:". The action has been blocked. @ https://maze.co/:0
[    8975ms] [LOG] SPARA EMBED: The URL https://maze.co/ is not blacklisted and not whitelisted @ https://app.spara.co/full-embed.js?app_id=vDJrz5AZ3:1
[    8978ms] [LOG] SPARA EMBED: Using existing prelead UUID 76d6a5cd-8cea-46ca-9ffc-e45a46c906b2 @ https://app.spara.co/full-embed.js?app_id=vDJrz5AZ3:1
[    8982ms] [LOG] SPARA EMBED: initialization complete @ https://app.spara.co/full-embed.js?app_id=vDJrz5AZ3:1
[    8983ms] [LOG] Spara is loaded! 🎬 @ :0
[   10582ms] [WARNING] SplitText called before fonts loaded @ https://maze.co/app-7aee548fec54d1fc0729.js:1
[   10912ms] [WARNING] SplitText called before fonts loaded @ https://maze.co/app-7aee548fec54d1fc0729.js:1
[   11003ms] [WARNING] Media Chrome: No style sheet found on style tag of JSHandle@node @ https://maze.co/1979b77c-5103714a0abade3251ae.js:0
[   11018ms] [WARNING] Media Chrome: No style sheet found on style tag of JSHandle@node @ https://maze.co/1979b77c-5103714a0abade3251ae.js:0
[   11028ms] [WARNING] Media Chrome: No style sheet found on style tag of JSHandle@node @ https://maze.co/1979b77c-5103714a0abade3251ae.js:0
[   11040ms] [WARNING] Media Chrome: No style sheet found on style tag of JSHandle@node @ https://maze.co/1979b77c-5103714a0abade3251ae.js:0
[   14015ms] [LOG] SPARA EMBED: navigator-mode-change: preview @ https://app.spara.co/full-embed.js?app_id=vDJrz5AZ3:1
[   14065ms] [LOG] SPARA EMBED: Using existing prelead UUID 76d6a5cd-8cea-46ca-9ffc-e45a46c906b2 @ https://app.spara.co/full-embed.js?app_id=vDJrz5AZ3:1
[   14066ms] [LOG] SPARA EMBED: Page visit already tracked for this URL today, skipping @ https://app.spara.co/full-embed.js?app_id=vDJrz5AZ3:1
[   45448ms] [WARNING] SplitText called before fonts loaded @ https://maze.co/app-7aee548fec54d1fc0729.js:1
[ 1833905ms] [ERROR] Connecting to 'https://www.google.co.kr/ads/ga-audiences?v=1&t=sr&slf_rd=1&_r=4&tid=G-B6Y80DLMDD&cid=1543910624.1778927744&gtm=45je65d0v888307796za20gzb855773664zd855773664&rcb=16&aip=1&dma=0&gcd=13l3l3l3l1l1&npa=0&frm=0&tag_exp=0~115938465~115938468&z=1954417257' violates the following Content Security Policy directive: "connect-src 'self' https://*.maze.co https://www.datocms-assets.com https://stream.mux.com https://image.mux.com https://inferred.litix.io https://static.hsappstatic.net https://*.mux.com https://vimeo.com https://*.cookieyes.com https://cdn-cookieyes.com https://js.zi-scripts.com https://ws.zoominfo.com https://api.schedule.zoominfo.com https://*.clickagy.com https://*.chilipiper.com https://api.amplitude.com https://cdn.segment.com https://api.segment.io https://*.google-analytics.com https://*.analytics.google.com https://*.googletagmanager.com https://pagead2.googlesyndication.com https://www.googleadservices.com https://*.g.doubleclick.net https://*.google.com https://*.facebook.com https://*.goldcast.io https://px.ads.linkedin.com *.hubapi.com js.hscta.net *.hubspot.com *.hs-banner.com *.hscollectedforms.net *.hsforms.com *.hsappstatic.net sentry-new.tidio.co socket.tidio.co api-v2.tidio.co https://cdn.simplecast.com https://*.outgrow.us https://app.spara.co https://*.arcade.software https://*.arcade.show https://*.apollo.io https://aplo-evnt.com https://api.country.is https://unpkg.com/@rive-app/canvas@2.15.6/rive.wasm https://cdn.jsdelivr.net/npm/@rive-app/canvas@2.15.6/rive_fallback.wasm wss:". The action has been blocked. @ https://maze.co/:0
